1609023467097	geckodriver	INFO	Listening on 127.0.0.1:36541
1609023467100	mozrunner::runner	INFO	Running command: "/usr/bin/firefox" "--marionette" "-foreground" "-no-remote" "-profile" "/tmp/rust_mozprofilevugv1n"
Sandbox: unsupported fd-relative fstatat(32, "", 0x7FFCFB6047E0, 4096)
Sandbox: seccomp sandbox violation: pid 23978, tid 23978, syscall 262, args 32 140677883773694 140724525877216 4096 4096 1.
Sandbox: unsupported fd-relative fstatat(32, "", 0x7FFCFB6046E0, 4096)
Sandbox: seccomp sandbox violation: pid 23978, tid 23978, syscall 262, args 32 140677883773694 140724525876960 4096 4096 1.
Sandbox: unsupported fd-relative fstatat(32, "", 0x7FFCFB6046E0, 4096)
Sandbox: seccomp sandbox violation: pid 23978, tid 23978, syscall 262, args 32 140677883773694 140724525876960 4096 4096 1.
Sandbox: unsupported fd-relative fstatat(32, "", 0x7FFE4F796990, 4096)
Sandbox: seccomp sandbox violation: pid 23999, tid 23999, syscall 262, args 32 139957881160446 140730231777680 4096 4096 1.
Sandbox: unsupported fd-relative fstatat(32, "", 0x7FFE4F796890, 4096)
Sandbox: seccomp sandbox violation: pid 23999, tid 23999, syscall 262, args 32 139957881160446 140730231777424 4096 4096 1.
Sandbox: unsupported fd-relative fstatat(32, "", 0x7FFE4F796890, 4096)
Sandbox: seccomp sandbox violation: pid 23999, tid 23999, syscall 262, args 32 139957881160446 140730231777424 4096 4096 1.
1609023476361	Marionette	INFO	Listening on port 33433
1609023476427	Marionette	WARN	TLS certificate errors will be ignored for this session
1609023477112	Marionette	INFO	Stopped listening on port 33433
JavaScript error: resource://activity-stream/lib/ActivityStreamPrefs.jsm, line 27: NS_ERROR_ILLEGAL_VALUE: Component returned failure code: 0x80070057 (NS_ERROR_ILLEGAL_VALUE) [nsIPrefBranch.removeObserver]
JavaScript error: resource://activity-stream/lib/PlacesFeed.jsm, line 198: NS_ERROR_UNEXPECTED: Component returned failure code: 0x8000ffff (NS_ERROR_UNEXPECTED) [nsINavHistoryService.addObserver]
JavaScript error: resource://gre/modules/ExtensionSettingsStore.jsm, line 123: Error: The ExtensionSettingsStore was accessed before the initialize promise resolved.
console.error: (new Error("SessionFile is closed", "resource:///modules/sessionstore/SessionFile.jsm", 433))
WARNING: At least one completion condition is taking too long to complete. Conditions: [{"name":"Remote Settings profile-before-change","state":"Remaining: 5 callbacks (importJSONDump-main-anti-tracking-url-decoration-1, importJSONDump-main-hijack-blocklists-2, importJSONDump-main-search-config-3, importJSONDump-blocklists-gfx-5, importJSONDump-main-url-classifier-skip-urls-6).","filename":"resource://services-settings/RemoteSettingsWorker.jsm","lineNumber":201,"stack":["resource://services-settings/RemoteSettingsWorker.jsm:null:201","resource://services-settings/RemoteSettingsClient.jsm:_importJSONDump:762","resource://services-settings/RemoteSettingsClient.jsm:get:356"]}] Barrier: profile-before-change
console.log: "RemoteSettingsWorker error: Error: Can't import when we've started shutting down."
console.log: "RemoteSettingsWorker error: Error: Can't import when we've started shutting down."
console.log: "RemoteSettingsWorker error: Error: Can't import when we've started shutting down."
console.error: SearchEngineSelector: "Received empty search configuration!"
console.log: "RemoteSettingsWorker error: Error: Can't import when we've started shutting down."
JavaScript error: resource://gre/modules/AsyncShutdown.jsm, line 554: uncaught exception: 2147500037
JavaScript error: resource://gre/modules/AsyncShutdown.jsm, line 554: uncaught exception: 2147500037
JavaScript error: resource://gre/modules/SearchService.jsm, line 509: NS_ERROR_FAILURE: SearchService previously failed to initialize
JavaScript error: resource://gre/modules/AsyncShutdown.jsm, line 554: uncaught exception: 2147500037
JavaScript error: resource://gre/modules/AsyncShutdown.jsm, line 554: uncaught exception: 2147500037
JavaScript error: resource://gre/modules/AsyncShutdown.jsm, line 554: uncaught exception: 2147500037
JavaScript error: resource://gre/modules/AsyncShutdown.jsm, line 554: uncaught exception: 2147500037
console.log: "RemoteSettingsWorker error: Error: Can't import when we've started shutting down."
JavaScript error: resource://gre/modules/AsyncShutdown.jsm, line 554: uncaught exception: 2147500037
JavaScript error: resource://gre/modules/AsyncShutdown.jsm, line 554: uncaught exception: 2147500037
JavaScript error: resource://gre/modules/AsyncShutdown.jsm, line 554: uncaught exception: 2147500037
JavaScript error: resource://gre/modules/AsyncShutdown.jsm, line 554: uncaught exception: 2147500037
JavaScript error: resource://gre/modules/AsyncShutdown.jsm, line 554: uncaught exception: 2147500037
JavaScript error: resource://gre/modules/IndexedDB.jsm, line 370: UnknownError: IDBDatabase.transaction: Can't start IndexedDB transaction during shutdown
1609023615087	geckodriver	INFO	Listening on 127.0.0.1:53167
1609023615091	mozrunner::runner	INFO	Running command: "/usr/bin/firefox" "--marionette" "-foreground" "-no-remote" "-profile" "/tmp/rust_mozprofilepOZiP0"
Sandbox: unsupported fd-relative fstatat(32, "", 0x7FFFC109A330, 4096)
Sandbox: seccomp sandbox violation: pid 24425, tid 24425, syscall 262, args 32 139762543317758 140736432022320 4096 4096 1.
Sandbox: unsupported fd-relative fstatat(32, "", 0x7FFFC109A230, 4096)
Sandbox: seccomp sandbox violation: pid 24425, tid 24425, syscall 262, args 32 139762543317758 140736432022064 4096 4096 1.
Sandbox: unsupported fd-relative fstatat(32, "", 0x7FFFC109A230, 4096)
Sandbox: seccomp sandbox violation: pid 24425, tid 24425, syscall 262, args 32 139762543317758 140736432022064 4096 4096 1.
Sandbox: unsupported fd-relative fstatat(32, "", 0x7FFC7D199E70, 4096)
Sandbox: seccomp sandbox violation: pid 24446, tid 24446, syscall 262, args 32 139685198082814 140722407317104 4096 4096 1.
Sandbox: unsupported fd-relative fstatat(32, "", 0x7FFC7D199D70, 4096)
Sandbox: seccomp sandbox violation: pid 24446, tid 24446, syscall 262, args 32 139685198082814 140722407316848 4096 4096 1.
Sandbox: unsupported fd-relative fstatat(32, "", 0x7FFC7D199D70, 4096)
Sandbox: seccomp sandbox violation: pid 24446, tid 24446, syscall 262, args 32 139685198082814 140722407316848 4096 4096 1.
1609023619177	Marionette	INFO	Listening on port 36885
1609023619202	Marionette	WARN	TLS certificate errors will be ignored for this session
1609023619860	Marionette	INFO	Stopped listening on port 36885
JavaScript error: resource://activity-stream/lib/ActivityStreamPrefs.jsm, line 27: NS_ERROR_ILLEGAL_VALUE: Component returned failure code: 0x80070057 (NS_ERROR_ILLEGAL_VALUE) [nsIPrefBranch.removeObserver]
console.error: Region.jsm: "Failed to fetch region" (new TypeError("NetworkError when attempting to fetch resource.", ""))
console.error: services.settings: 
  main/fxmonitor-breaches Signature failed  TypeError: NetworkError when attempting to fetch resource.
console.log: "RemoteSettingsWorker error: Error: Can't import when we've started shutting down."
console.log: "RemoteSettingsWorker error: Error: Can't import when we've started shutting down."
console.error: SearchEngineSelector: "Received empty search configuration!"
console.log: "RemoteSettingsWorker error: Error: Can't import when we've started shutting down."
console.log: "RemoteSettingsWorker error: Error: Can't import when we've started shutting down."
JavaScript error: resource://gre/modules/AsyncShutdown.jsm, line 554: uncaught exception: 2147500037
JavaScript error: resource://gre/modules/SearchService.jsm, line 509: NS_ERROR_FAILURE: SearchService previously failed to initialize
JavaScript error: resource://gre/modules/AsyncShutdown.jsm, line 554: uncaught exception: 2147500037
JavaScript error: resource://gre/modules/AsyncShutdown.jsm, line 554: uncaught exception: 2147500037
JavaScript error: resource://gre/modules/AsyncShutdown.jsm, line 554: uncaught exception: 2147500037
JavaScript error: resource://gre/modules/AsyncShutdown.jsm, line 554: uncaught exception: 2147500037
JavaScript error: resource://gre/modules/AsyncShutdown.jsm, line 554: uncaught exception: 2147500037
console.log: "RemoteSettingsWorker error: Error: Can't import when we've started shutting down."
JavaScript error: resource://gre/modules/AsyncShutdown.jsm, line 554: uncaught exception: 2147500037
JavaScript error: resource://gre/modules/AsyncShutdown.jsm, line 554: uncaught exception: 2147500037
JavaScript error: resource://gre/modules/AsyncShutdown.jsm, line 554: uncaught exception: 2147500037
JavaScript error: resource://gre/modules/AsyncShutdown.jsm, line 554: uncaught exception: 2147500037
JavaScript error: resource://gre/modules/AsyncShutdown.jsm, line 554: uncaught exception: 2147500037
JavaScript error: resource://gre/modules/ExtensionSettingsStore.jsm, line 123: Error: The ExtensionSettingsStore was accessed before the initialize promise resolved.
JavaScript error: resource://gre/modules/IndexedDB.jsm, line 370: UnknownError: IDBDatabase.transaction: Can't start IndexedDB transaction during shutdown
1609024140780	geckodriver	INFO	Listening on 127.0.0.1:37357
1609024140783	mozrunner::runner	INFO	Running command: "/usr/bin/firefox" "--marionette" "-foreground" "-no-remote" "-profile" "/tmp/rust_mozprofileNv70vQ"
Sandbox: unsupported fd-relative fstatat(33, "", 0x7FFEAD8AECA0, 4096)
Sandbox: seccomp sandbox violation: pid 25015, tid 25015, syscall 262, args 33 140259299734270 140731809983648 4096 4096 1.
Sandbox: unsupported fd-relative fstatat(33, "", 0x7FFEAD8AEBA0, 4096)
Sandbox: seccomp sandbox violation: pid 25015, tid 25015, syscall 262, args 33 140259299734270 140731809983392 4096 4096 1.
Sandbox: unsupported fd-relative fstatat(33, "", 0x7FFEAD8AEBA0, 4096)
Sandbox: seccomp sandbox violation: pid 25015, tid 25015, syscall 262, args 33 140259299734270 140731809983392 4096 4096 1.
Sandbox: unsupported fd-relative fstatat(32, "", 0x7FFC43F36C80, 4096)
Sandbox: seccomp sandbox violation: pid 25044, tid 25044, syscall 262, args 32 140258279756542 140721448512640 4096 4096 1.
Sandbox: unsupported fd-relative fstatat(32, "", 0x7FFC43F36B80, 4096)
Sandbox: seccomp sandbox violation: pid 25044, tid 25044, syscall 262, args 32 140258279756542 140721448512384 4096 4096 1.
Sandbox: unsupported fd-relative fstatat(32, "", 0x7FFC43F36B80, 4096)
Sandbox: seccomp sandbox violation: pid 25044, tid 25044, syscall 262, args 32 140258279756542 140721448512384 4096 4096 1.
1609024145176	Marionette	INFO	Listening on port 34623
1609024145199	Marionette	WARN	TLS certificate errors will be ignored for this session
1609024145863	Marionette	INFO	Stopped listening on port 34623
JavaScript error: resource://activity-stream/lib/ActivityStreamPrefs.jsm, line 27: NS_ERROR_ILLEGAL_VALUE: Component returned failure code: 0x80070057 (NS_ERROR_ILLEGAL_VALUE) [nsIPrefBranch.removeObserver]
console.log: "RemoteSettingsWorker error: Error: Can't import when we've started shutting down."
console.log: "RemoteSettingsWorker error: Error: Can't import when we've started shutting down."
console.log: "RemoteSettingsWorker error: Error: Can't import when we've started shutting down."
console.error: SearchEngineSelector: "Received empty search configuration!"
console.log: "RemoteSettingsWorker error: Error: Can't import when we've started shutting down."
console.log: "RemoteSettingsWorker error: Error: Can't import when we've started shutting down."
console.log: "RemoteSettingsWorker error: Error: Can't import when we've started shutting down."
JavaScript error: resource://gre/modules/AsyncShutdown.jsm, line 554: uncaught exception: 2147500037
JavaScript error: resource://gre/modules/AsyncShutdown.jsm, line 554: uncaught exception: 2147500037
JavaScript error: resource://gre/modules/SearchService.jsm, line 509: NS_ERROR_FAILURE: SearchService previously failed to initialize
JavaScript error: resource://gre/modules/AsyncShutdown.jsm, line 554: uncaught exception: 2147500037
JavaScript error: resource://gre/modules/AsyncShutdown.jsm, line 554: uncaught exception: 2147500037
JavaScript error: resource://gre/modules/AsyncShutdown.jsm, line 554: uncaught exception: 2147500037
JavaScript error: resource://gre/modules/AsyncShutdown.jsm, line 554: uncaught exception: 2147500037
JavaScript error: resource://gre/modules/AsyncShutdown.jsm, line 554: uncaught exception: 2147500037
JavaScript error: resource://gre/modules/AsyncShutdown.jsm, line 554: uncaught exception: 2147500037
JavaScript error: resource://gre/modules/AsyncShutdown.jsm, line 554: uncaught exception: 2147500037
JavaScript error: resource://gre/modules/AsyncShutdown.jsm, line 554: uncaught exception: 2147500037
JavaScript error: resource://gre/modules/AsyncShutdown.jsm, line 554: uncaught exception: 2147500037
JavaScript error: resource://gre/modules/AsyncShutdown.jsm, line 554: uncaught exception: 2147500037
JavaScript error: resource://gre/modules/ExtensionSettingsStore.jsm, line 123: Error: The ExtensionSettingsStore was accessed before the initialize promise resolved.
JavaScript error: resource://gre/modules/IndexedDB.jsm, line 370: UnknownError: IDBDatabase.transaction: Can't start IndexedDB transaction during shutdown
1609025275654	geckodriver	INFO	Listening on 127.0.0.1:38605
1609025275657	mozrunner::runner	INFO	Running command: "/usr/bin/firefox" "--marionette" "-foreground" "-no-remote" "-profile" "/tmp/rust_mozprofileFsRPOO"
Sandbox: unsupported fd-relative fstatat(32, "", 0x7FFF95C57A20, 4096)
Sandbox: seccomp sandbox violation: pid 27325, tid 27325, syscall 262, args 32 140386141127422 140735706135072 4096 4096 1.
Sandbox: unsupported fd-relative fstatat(32, "", 0x7FFF95C57920, 4096)
Sandbox: seccomp sandbox violation: pid 27325, tid 27325, syscall 262, args 32 140386141127422 140735706134816 4096 4096 1.
Sandbox: unsupported fd-relative fstatat(32, "", 0x7FFF95C57920, 4096)
Sandbox: seccomp sandbox violation: pid 27325, tid 27325, syscall 262, args 32 140386141127422 140735706134816 4096 4096 1.
Sandbox: unsupported fd-relative fstatat(32, "", 0x7FFE0BDCBCE0, 4096)
Sandbox: seccomp sandbox violation: pid 27348, tid 27348, syscall 262, args 32 139745975644926 140729097436384 4096 4096 1.
Sandbox: unsupported fd-relative fstatat(32, "", 0x7FFE0BDCBBE0, 4096)
Sandbox: seccomp sandbox violation: pid 27348, tid 27348, syscall 262, args 32 139745975644926 140729097436128 4096 4096 1.
Sandbox: unsupported fd-relative fstatat(32, "", 0x7FFE0BDCBBE0, 4096)
Sandbox: seccomp sandbox violation: pid 27348, tid 27348, syscall 262, args 32 139745975644926 140729097436128 4096 4096 1.
1609025280442	Marionette	INFO	Listening on port 42755
1609025280470	Marionette	WARN	TLS certificate errors will be ignored for this session
1609025305972	Marionette	INFO	Stopped listening on port 42755
1609025641169	geckodriver	INFO	Listening on 127.0.0.1:51213
1609025641172	mozrunner::runner	INFO	Running command: "/usr/bin/firefox" "--marionette" "-foreground" "-no-remote" "-profile" "/tmp/rust_mozprofile3tiiaO"
Sandbox: unsupported fd-relative fstatat(32, "", 0x7FFDA48929B0, 4096)
Sandbox: seccomp sandbox violation: pid 28006, tid 28006, syscall 262, args 32 140491824165630 140727363905968 4096 4096 1.
Sandbox: unsupported fd-relative fstatat(32, "", 0x7FFDA48928B0, 4096)
Sandbox: seccomp sandbox violation: pid 28006, tid 28006, syscall 262, args 32 140491824165630 140727363905712 4096 4096 1.
Sandbox: unsupported fd-relative fstatat(32, "", 0x7FFDA48928B0, 4096)
Sandbox: seccomp sandbox violation: pid 28006, tid 28006, syscall 262, args 32 140491824165630 140727363905712 4096 4096 1.
Sandbox: unsupported fd-relative fstatat(32, "", 0x7FFFE98474A0, 4096)
Sandbox: seccomp sandbox violation: pid 28027, tid 28027, syscall 262, args 32 140484674765566 140737111159968 4096 4096 1.
Sandbox: unsupported fd-relative fstatat(32, "", 0x7FFFE98473A0, 4096)
Sandbox: seccomp sandbox violation: pid 28027, tid 28027, syscall 262, args 32 140484674765566 140737111159712 4096 4096 1.
Sandbox: unsupported fd-relative fstatat(32, "", 0x7FFFE98473A0, 4096)
Sandbox: seccomp sandbox violation: pid 28027, tid 28027, syscall 262, args 32 140484674765566 140737111159712 4096 4096 1.
1609025649937	Marionette	INFO	Listening on port 37899
1609025649999	Marionette	WARN	TLS certificate errors will be ignored for this session
1609025650638	Marionette	INFO	Stopped listening on port 37899
JavaScript error: resource://activity-stream/lib/ActivityStreamPrefs.jsm, line 27: NS_ERROR_ILLEGAL_VALUE: Component returned failure code: 0x80070057 (NS_ERROR_ILLEGAL_VALUE) [nsIPrefBranch.removeObserver]
console.error: Region.jsm: "Failed to fetch region" (new TypeError("NetworkError when attempting to fetch resource.", ""))
console.log: "RemoteSettingsWorker error: Error: Can't import when we've started shutting down."
JavaScript error: resource://activity-stream/lib/PlacesFeed.jsm, line 198: NS_ERROR_UNEXPECTED: Component returned failure code: 0x8000ffff (NS_ERROR_UNEXPECTED) [nsINavHistoryService.addObserver]
JavaScript error: resource://gre/modules/ExtensionSettingsStore.jsm, line 123: Error: The ExtensionSettingsStore was accessed before the initialize promise resolved.
console.log: "RemoteSettingsWorker error: Error: Can't import when we've started shutting down."
console.log: "RemoteSettingsWorker error: Error: Can't import when we've started shutting down."
console.error: SearchEngineSelector: "Received empty search configuration!"
console.log: "RemoteSettingsWorker error: Error: Can't import when we've started shutting down."
console.log: "RemoteSettingsWorker error: Error: Can't import when we've started shutting down."
JavaScript error: resource://gre/modules/AsyncShutdown.jsm, line 554: uncaught exception: 2147500037
JavaScript error: resource://gre/modules/SearchService.jsm, line 509: NS_ERROR_FAILURE: SearchService previously failed to initialize
JavaScript error: resource://gre/modules/AsyncShutdown.jsm, line 554: uncaught exception: 2147500037
JavaScript error: resource://gre/modules/AsyncShutdown.jsm, line 554: uncaught exception: 2147500037
JavaScript error: resource://gre/modules/AsyncShutdown.jsm, line 554: uncaught exception: 2147500037
JavaScript error: resource://gre/modules/AsyncShutdown.jsm, line 554: uncaught exception: 2147500037
JavaScript error: resource://gre/modules/AsyncShutdown.jsm, line 554: uncaught exception: 2147500037
JavaScript error: resource://gre/modules/AsyncShutdown.jsm, line 554: uncaught exception: 2147500037
JavaScript error: resource://gre/modules/AsyncShutdown.jsm, line 554: uncaught exception: 2147500037
JavaScript error: resource://gre/modules/AsyncShutdown.jsm, line 554: uncaught exception: 2147500037
JavaScript error: resource://gre/modules/AsyncShutdown.jsm, line 554: uncaught exception: 2147500037
JavaScript error: resource://gre/modules/IndexedDB.jsm, line 370: UnknownError: IDBDatabase.transaction: Can't start IndexedDB transaction during shutdown
1609026130940	geckodriver	INFO	Listening on 127.0.0.1:60019
1609026130943	mozrunner::runner	INFO	Running command: "/usr/bin/firefox" "--marionette" "-foreground" "-no-remote" "-profile" "/tmp/rust_mozprofileGPZmU4"
Sandbox: unsupported fd-relative fstatat(32, "", 0x7FFDB977EFC0, 4096)
Sandbox: seccomp sandbox violation: pid 28617, tid 28617, syscall 262, args 32 139843497693950 140727715098560 4096 4096 1.
Sandbox: unsupported fd-relative fstatat(32, "", 0x7FFDB977EEC0, 4096)
Sandbox: seccomp sandbox violation: pid 28617, tid 28617, syscall 262, args 32 139843497693950 140727715098304 4096 4096 1.
Sandbox: unsupported fd-relative fstatat(32, "", 0x7FFDB977EEC0, 4096)
Sandbox: seccomp sandbox violation: pid 28617, tid 28617, syscall 262, args 32 139843497693950 140727715098304 4096 4096 1.
Sandbox: unsupported fd-relative fstatat(32, "", 0x7FFEFCBEDBA0, 4096)
Sandbox: seccomp sandbox violation: pid 28638, tid 28638, syscall 262, args 32 140399024141054 140733138787232 4096 4096 1.
Sandbox: unsupported fd-relative fstatat(32, "", 0x7FFEFCBEDAA0, 4096)
Sandbox: seccomp sandbox violation: pid 28638, tid 28638, syscall 262, args 32 140399024141054 140733138786976 4096 4096 1.
Sandbox: unsupported fd-relative fstatat(32, "", 0x7FFEFCBEDAA0, 4096)
Sandbox: seccomp sandbox violation: pid 28638, tid 28638, syscall 262, args 32 140399024141054 140733138786976 4096 4096 1.
1609026135087	Marionette	INFO	Listening on port 43573
1609026135157	Marionette	WARN	TLS certificate errors will be ignored for this session
1609026135862	Marionette	INFO	Stopped listening on port 43573
JavaScript error: resource://activity-stream/lib/ActivityStreamPrefs.jsm, line 27: NS_ERROR_ILLEGAL_VALUE: Component returned failure code: 0x80070057 (NS_ERROR_ILLEGAL_VALUE) [nsIPrefBranch.removeObserver]
console.error: services.settings: 
  main/fxmonitor-breaches Signature failed  TypeError: NetworkError when attempting to fetch resource.
console.log: "RemoteSettingsWorker error: Error: Can't import when we've started shutting down."
console.log: "RemoteSettingsWorker error: Error: Can't import when we've started shutting down."
console.log: "RemoteSettingsWorker error: Error: Can't import when we've started shutting down."
console.error: SearchEngineSelector: "Received empty search configuration!"
console.log: "RemoteSettingsWorker error: Error: Can't import when we've started shutting down."
console.log: "RemoteSettingsWorker error: Error: Can't import when we've started shutting down."
console.log: "RemoteSettingsWorker error: Error: Can't import when we've started shutting down."
JavaScript error: resource://gre/modules/AsyncShutdown.jsm, line 554: uncaught exception: 2147500037
JavaScript error: resource://gre/modules/AsyncShutdown.jsm, line 554: uncaught exception: 2147500037
JavaScript error: resource://gre/modules/SearchService.jsm, line 509: NS_ERROR_FAILURE: SearchService previously failed to initialize
JavaScript error: resource://gre/modules/AsyncShutdown.jsm, line 554: uncaught exception: 2147500037
JavaScript error: resource://gre/modules/AsyncShutdown.jsm, line 554: uncaught exception: 2147500037
JavaScript error: resource://gre/modules/AsyncShutdown.jsm, line 554: uncaught exception: 2147500037
JavaScript error: resource://gre/modules/AsyncShutdown.jsm, line 554: uncaught exception: 2147500037
JavaScript error: resource://gre/modules/AsyncShutdown.jsm, line 554: uncaught exception: 2147500037
JavaScript error: resource://gre/modules/AsyncShutdown.jsm, line 554: uncaught exception: 2147500037
JavaScript error: resource://gre/modules/AsyncShutdown.jsm, line 554: uncaught exception: 2147500037
JavaScript error: resource://gre/modules/AsyncShutdown.jsm, line 554: uncaught exception: 2147500037
JavaScript error: resource://gre/modules/AsyncShutdown.jsm, line 554: uncaught exception: 2147500037
JavaScript error: resource://gre/modules/AsyncShutdown.jsm, line 554: uncaught exception: 2147500037
JavaScript error: resource://gre/modules/ExtensionSettingsStore.jsm, line 123: Error: The ExtensionSettingsStore was accessed before the initialize promise resolved.
JavaScript error: resource://gre/modules/IndexedDB.jsm, line 370: UnknownError: IDBDatabase.transaction: Can't start IndexedDB transaction during shutdown
